<?xml version="1.0" encoding="UTF-8"?>
<testsuite xmlns:xsi="http://www.w3.org/2001/XMLSchema-instance" xsi:noNamespaceSchemaLocation="https://maven.apache.org/surefire/maven-surefire-plugin/xsd/surefire-test-report.xsd" name="MatrixTest" time="0.001" tests="13" errors="0" skipped="0" failures="0">
  <properties>
[...]
</properties>
  <testcase name="testMatAc" classname="MatrixTest" time="0"/>
  <testcase name="testMatSuma" classname="MatrixTest" time="0"/>
  <testcase name="testMatScalar" classname="MatrixTest" time="0"/>
  <testcase name="testMatConju" classname="MatrixTest" time="0"/>
  <testcase name="testMatResta" classname="MatrixTest" time="0"/>
  <testcase name="testMatAdj" classname="MatrixTest" time="0"/>
  <testcase name="testMatDis" classname="MatrixTest" time="0"/>
  <testcase name="testMatHer" classname="MatrixTest" time="0"/>
  <testcase name="testMatMul" classname="MatrixTest" time="0"/>
  <testcase name="testMatNor" classname="MatrixTest" time="0.001"/>
  <testcase name="testMatTen" classname="MatrixTest" time="0"/>
  <testcase name="testMatUni" classname="MatrixTest" time="0"/>
  <testcase name="testMatTraspuesta" classname="MatrixTest" time="0"/>
</testsuite>